Sending Logstash's logs to /home/elastic/enuri/logstash/qa/log which is now configured via log4j2.properties
Sending Logstash's logs to /home/elastic/enuri/logstash/qa/log which is now configured via log4j2.properties
Sending Logstash's logs to /home/elastic/enuri/logstash/qa/log which is now configured via log4j2.properties
Sending Logstash's logs to /home/elastic/enuri/logstash/qa/log which is now configured via log4j2.properties
Sending Logstash's logs to /home/elastic/enuri/logstash/qa/log which is now configured via log4j2.properties
Sending Logstash's logs to /home/elastic/enuri/logstash/qa/log which is now configured via log4j2.properties
Sending Logstash's logs to /home/elastic/enuri/logstash/qa/log which is now configured via log4j2.properties
Sending Logstash's logs to /home/elastic/enuri/logstash/qa/log which is now configured via log4j2.properties
Sending Logstash's logs to /home/elastic/enuri/logstash/qa/log which is now configured via log4j2.properties
Sending Logstash's logs to /home/elastic/enuri/logstash/qa/log which is now configured via log4j2.properties
Sending Logstash's logs to /home/elastic/enuri/logstash/qa/log which is now configured via log4j2.properties
Sending Logstash's logs to /home/elastic/enuri/logstash/qa/log which is now configured via log4j2.properties
Sending Logstash's logs to /home/elastic/enuri/logstash/qa/log which is now configured via log4j2.properties
Sending Logstash's logs to /home/elastic/enuri/logstash/qa/log which is now configured via log4j2.properties
Sending Logstash's logs to /home/elastic/enuri/logstash/qa/log which is now configured via log4j2.properties
Sending Logstash's logs to /home/elastic/enuri/logstash/qa/log which is now configured via log4j2.properties
Sending Logstash's logs to /home/elastic/enuri/logstash/qa/log which is now configured via log4j2.properties
Sending Logstash's logs to /home/elastic/enuri/logstash/qa/log which is now configured via log4j2.properties
Sending Logstash's logs to /home/elastic/enuri/logstash/qa/log which is now configured via log4j2.properties
Sending Logstash's logs to /home/elastic/enuri/logstash/qa/log which is now configured via log4j2.properties
Sending Logstash's logs to /home/elastic/enuri/logstash/qa/log which is now configured via log4j2.properties
Sending Logstash's logs to /home/elastic/enuri/logstash/qa/log which is now configured via log4j2.properties
Sending Logstash's logs to /home/elastic/enuri/logstash/qa/log which is now configured via log4j2.properties
Sending Logstash's logs to /home/elastic/enuri/logstash/qa/log which is now configured via log4j2.properties
Sending Logstash's logs to /home/elastic/enuri/logstash/qa/log which is now configured via log4j2.properties
Sending Logstash's logs to /home/elastic/enuri/logstash/qa/log which is now configured via log4j2.properties
Sending Logstash's logs to /home/elastic/enuri/logstash/qa/log which is now configured via log4j2.properties
Sending Logstash's logs to /home/elastic/enuri/logstash/qa/log which is now configured via log4j2.properties
Sending Logstash's logs to /home/elastic/enuri/logstash/qa/log which is now configured via log4j2.properties
Sending Logstash's logs to /home/elastic/enuri/logstash/qa/log which is now configured via log4j2.properties
[ERROR] 2018-06-01 19:54:25.736 [main] Logstash - java.lang.IllegalStateException: org.jruby.exceptions.RaiseException: (SystemExit) exit
[ERROR] 2018-06-01 19:54:26.271 [main] Logstash - java.lang.IllegalStateException: org.jruby.exceptions.RaiseException: (SystemExit) exit
[ERROR] 2018-06-01 19:54:27.656 [main] Logstash - java.lang.IllegalStateException: org.jruby.exceptions.RaiseException: (SystemExit) exit
[ERROR] 2018-06-01 19:54:27.794 [main] Logstash - java.lang.IllegalStateException: org.jruby.exceptions.RaiseException: (SystemExit) exit
[ERROR] 2018-06-01 19:54:28.240 [main] Logstash - java.lang.IllegalStateException: org.jruby.exceptions.RaiseException: (SystemExit) exit
[ERROR] 2018-06-01 19:54:29.171 [main] Logstash - java.lang.IllegalStateException: org.jruby.exceptions.RaiseException: (SystemExit) exit
Sending Logstash's logs to /home/elastic/enuri/logstash/qa/log which is now configured via log4j2.properties
Sending Logstash's logs to /home/elastic/enuri/logstash/qa/log which is now configured via log4j2.properties
Sending Logstash's logs to /home/elastic/enuri/logstash/qa/log which is now configured via log4j2.properties
Sending Logstash's logs to /home/elastic/enuri/logstash/qa/log which is now configured via log4j2.properties
Sending Logstash's logs to /home/elastic/enuri/logstash/qa/log which is now configured via log4j2.properties
Sending Logstash's logs to /home/elastic/enuri/logstash/qa/log which is now configured via log4j2.properties
Sending Logstash's logs to /home/elastic/enuri/logstash/qa/log which is now configured via log4j2.properties
Sending Logstash's logs to /home/elastic/enuri/logstash/qa/log which is now configured via log4j2.properties
Sending Logstash's logs to /home/elastic/enuri/logstash/qa/log which is now configured via log4j2.properties
Sending Logstash's logs to /home/elastic/enuri/logstash/qa/log which is now configured via log4j2.properties
Sending Logstash's logs to /home/elastic/enuri/logstash/qa/log which is now configured via log4j2.properties
Sending Logstash's logs to /home/elastic/enuri/logstash/qa/log which is now configured via log4j2.properties
Sending Logstash's logs to /home/elastic/enuri/logstash/qa/log which is now configured via log4j2.properties
Sending Logstash's logs to /home/elastic/enuri/logstash/qa/log which is now configured via log4j2.properties
Sending Logstash's logs to /home/elastic/enuri/logstash/qa/log which is now configured via log4j2.properties
Sending Logstash's logs to /home/elastic/enuri/logstash/qa/log which is now configured via log4j2.properties
Sending Logstash's logs to /home/elastic/enuri/logstash/qa/log which is now configured via log4j2.properties
Sending Logstash's logs to /home/elastic/enuri/logstash/qa/log which is now configured via log4j2.properties
Sending Logstash's logs to /home/elastic/enuri/logstash/qa/log which is now configured via log4j2.properties
Sending Logstash's logs to /home/elastic/enuri/logstash/qa/log which is now configured via log4j2.properties
Sending Logstash's logs to /home/elastic/enuri/logstash/qa/log which is now configured via log4j2.properties
Sending Logstash's logs to /home/elastic/enuri/logstash/qa/log which is now configured via log4j2.properties
Sending Logstash's logs to /home/elastic/enuri/logstash/qa/log which is now configured via log4j2.properties
Sending Logstash's logs to /home/elastic/enuri/logstash/qa/log which is now configured via log4j2.properties
Sending Logstash's logs to /home/elastic/enuri/logstash/qa/log which is now configured via log4j2.properties
Sending Logstash's logs to /home/elastic/enuri/logstash/qa/log which is now configured via log4j2.properties
Sending Logstash's logs to /home/elastic/enuri/logstash/qa/log which is now configured via log4j2.properties
Sending Logstash's logs to /home/elastic/enuri/logstash/qa/log which is now configured via log4j2.properties
Sending Logstash's logs to /home/elastic/enuri/logstash/qa/log which is now configured via log4j2.properties
Sending Logstash's logs to /home/elastic/enuri/logstash/qa/log which is now configured via log4j2.properties
Sending Logstash's logs to /home/elastic/enuri/logstash/qa/log which is now configured via log4j2.properties
Sending Logstash's logs to /home/elastic/enuri/logstash/qa/log which is now configured via log4j2.properties
Sending Logstash's logs to /home/elastic/enuri/logstash/qa/log which is now configured via log4j2.properties
Sending Logstash's logs to /home/elastic/enuri/logstash/qa/log which is now configured via log4j2.properties
Sending Logstash's logs to /home/elastic/enuri/logstash/qa/log which is now configured via log4j2.properties
Sending Logstash's logs to /home/elastic/enuri/logstash/qa/log which is now configured via log4j2.properties
Sending Logstash's logs to /home/elastic/enuri/logstash/qa/log which is now configured via log4j2.properties
Sending Logstash's logs to /home/elastic/enuri/logstash/qa/log which is now configured via log4j2.properties
Sending Logstash's logs to /home/elastic/enuri/logstash/qa/log which is now configured via log4j2.properties
Sending Logstash's logs to /home/elastic/enuri/logstash/qa/log which is now configured via log4j2.properties
Sending Logstash's logs to /home/elastic/enuri/logstash/qa/log which is now configured via log4j2.properties
Sending Logstash's logs to /home/elastic/enuri/logstash/qa/log which is now configured via log4j2.properties
Sending Logstash's logs to /home/elastic/enuri/logstash/qa/log which is now configured via log4j2.properties
Sending Logstash's logs to /home/elastic/enuri/logstash/qa/log which is now configured via log4j2.properties
Sending Logstash's logs to /home/elastic/enuri/logstash/qa/log which is now configured via log4j2.properties
Sending Logstash's logs to /home/elastic/enuri/logstash/qa/log which is now configured via log4j2.properties
Sending Logstash's logs to /home/elastic/enuri/logstash/qa/log which is now configured via log4j2.properties
Sending Logstash's logs to /home/elastic/enuri/logstash/qa/log which is now configured via log4j2.properties
Sending Logstash's logs to /home/elastic/enuri/logstash/qa/log which is now configured via log4j2.properties
Sending Logstash's logs to /home/elastic/enuri/logstash/qa/log which is now configured via log4j2.properties
Sending Logstash's logs to /home/elastic/enuri/logstash/qa/log which is now configured via log4j2.properties
2018-06-04 18:19:48,860 LogStash::Runner ERROR Unable to write to stream /home/elastic/enuri/logstash/qa/log/logstash-plain.log for appender plain_rolling: org.apache.logging.log4j.core.appender.AppenderLoggingException: Error writing to stream /home/elastic/enuri/logstash/qa/log/logstash-plain.log
2018-06-04 18:19:48,862 LogStash::Runner ERROR An exception occurred processing Appender plain_rolling org.apache.logging.log4j.core.appender.AppenderLoggingException: Error writing to stream /home/elastic/enuri/logstash/qa/log/logstash-plain.log
	at org.apache.logging.log4j.core.appender.OutputStreamManager.writeToDestination(OutputStreamManager.java:264)
	at org.apache.logging.log4j.core.appender.FileManager.writeToDestination(FileManager.java:261)
	at org.apache.logging.log4j.core.appender.rolling.RollingFileManager.writeToDestination(RollingFileManager.java:219)
	at org.apache.logging.log4j.core.appender.OutputStreamManager.flushBuffer(OutputStreamManager.java:294)
	at org.apache.logging.log4j.core.appender.OutputStreamManager.flush(OutputStreamManager.java:303)
	at org.apache.logging.log4j.core.appender.AbstractOutputStreamAppender.directEncodeEvent(AbstractOutputStreamAppender.java:179)
	at org.apache.logging.log4j.core.appender.AbstractOutputStreamAppender.tryAppend(AbstractOutputStreamAppender.java:170)
	at org.apache.logging.log4j.core.appender.AbstractOutputStreamAppender.append(AbstractOutputStreamAppender.java:161)
	at org.apache.logging.log4j.core.appender.RollingFileAppender.append(RollingFileAppender.java:308)
	at org.apache.logging.log4j.core.config.AppenderControl.tryCallAppender(AppenderControl.java:156)
	at org.apache.logging.log4j.core.config.AppenderControl.callAppender0(AppenderControl.java:129)
	at org.apache.logging.log4j.core.config.AppenderControl.callAppenderPreventRecursion(AppenderControl.java:120)
	at org.apache.logging.log4j.core.config.AppenderControl.callAppender(AppenderControl.java:84)
	at org.apache.logging.log4j.core.config.LoggerConfig.callAppenders(LoggerConfig.java:448)
	at org.apache.logging.log4j.core.config.LoggerConfig.processLogEvent(LoggerConfig.java:433)
	at org.apache.logging.log4j.core.config.LoggerConfig.log(LoggerConfig.java:417)
	at org.apache.logging.log4j.core.config.LoggerConfig.log(LoggerConfig.java:403)
	at org.apache.logging.log4j.core.config.AwaitCompletionReliabilityStrategy.log(AwaitCompletionReliabilityStrategy.java:63)
	at org.apache.logging.log4j.core.Logger.logMessage(Logger.java:146)
	at org.apache.logging.log4j.spi.AbstractLogger.tryLogMessage(AbstractLogger.java:2116)
	at org.apache.logging.log4j.spi.AbstractLogger.logMessa

2018-06-04 18:19:49,351 LogStash::Runner ERROR An exception occurred processing Appender plain_rolling org.apache.logging.log4j.core.appender.AppenderLoggingException: Error writing to stream /home/elastic/enuri/logstash/qa/log/logstash-plain.log
	at org.apache.logging.log4j.core.appender.OutputStreamManager.writeToDestination(OutputStreamManager.java:264)
	at org.apache.logging.log4j.core.appender.FileManager.writeToDestination(FileManager.java:261)
	at org.apache.logging.log4j.core.appender.rolling.RollingFileManager.writeToDestination(RollingFileManager.java:219)
	at org.apache.logging.log4j.core.appender.OutputStreamManager.flushBuffer(OutputStreamManager.java:294)
	at org.apache.logging.log4j.core.appender.OutputStreamManager.flush(OutputStreamManager.java:303)
	at org.apache.logging.log4j.core.appender.AbstractOutputStreamAppender.directEncodeEvent(AbstractOutputStreamAppender.java:179)
	at org.apache.logging.log4j.core.appender.AbstractOutputStreamAppender.tryAppend(AbstractOutputStreamAppender.java:170)
	at org.apache.logging.log4j.core.appender.AbstractOutputStreamAppender.append(AbstractOutputStreamAppender.java:161)
	at org.apache.logging.log4j.core.appender.RollingFileAppender.append(RollingFileAppender.java:308)
	at org.apache.logging.log4j.core.config.AppenderControl.tryCallAppender(AppenderControl.java:156)
	at org.apache.logging.log4j.core.config.AppenderControl.callAppender0(AppenderControl.java:129)
	at org.apache.logging.log4j.core.config.AppenderControl.callAppenderPreventRecursion(AppenderControl.java:120)
	at org.apache.logging.log4j.core.config.AppenderControl.callAppender(AppenderControl.java:84)
	at org.apache.logging.log4j.core.config.LoggerConfig.callAppenders(LoggerConfig.java:448)
	at org.apache.logging.log4j.core.config.LoggerConfig.processLogEvent(LoggerConfig.java:433)
	at org.apache.logging.log4j.core.config.LoggerConfig.log(LoggerConfig.java:417)
	at org.apache.logging.log4j.core.config.LoggerConfig.logParent(LoggerConfig.java:439)
	at org.apache.logging.log4j.core.config.LoggerConfig.processLogEvent(LoggerConfig.java:434)
	at org.apache.logging.log4j.core.config.LoggerConfig.log(LoggerConfig.java:417)
	at org.apache.logging.log4j.core.config.LoggerConfig.log(LoggerConfig.java:403)
	at org.apache.logging.log4j.core.config.AwaitCompletionReliabilityStrategy.log(AwaitCompletionReliabilityStrategy.java:63)
	at org.apache.logging.log4j.core.Logger.logMessage(Logger.java:146)
	at org.apache.logging.log4j.spi.AbstractLogger.tryLogMessage(AbstractLogger.java:2116)
	at org.apache.logging.log4j.spi.AbstractLogger.logMessageSafely(AbstractLogger.java:2100)
	at org.apache.logging.log4j.spi.AbstractLogger.logMessage(AbstractLogger.java:1977)
	at org.apache.logging.log4j.spi.AbstractLogger.logIfEnabled(AbstractLogger.java:1835)
	at org.apache.logging.log4j.spi.AbstractLogger.error(AbstractLogger.java:719)
	at org.logstash.Logstash.main(Logstash.java:47)
Caused by: java.io.IOException: No space left on device
	at java.io.FileOutputStream.writeBytes(Native Method)
	at java.io.FileOutputStream.write(FileOutputStream.java:326)
	at org.apache.logging.log4j.core.appender.OutputStreamManager.writeToDestination(OutputStreamManager.java:262)
	... 27 more

Sending Logstash's logs to /home/elastic/enuri/logstash/qa/log which is now configured via log4j2.properties
Sending Logstash's logs to /home/elastic/enuri/logstash/qa/log which is now configured via log4j2.properties
Sending Logstash's logs to /home/elastic/enuri/logstash/qa/log which is now configured via log4j2.properties
Sending Logstash's logs to /home/elastic/enuri/logstash/qa/log which is now configured via log4j2.properties
Sending Logstash's logs to /home/elastic/enuri/logstash/qa/log which is now configured via log4j2.properties
Sending Logstash's logs to /home/elastic/enuri/logstash/qa/log which is now configured via log4j2.properties
2018-06-05 09:36:43,084 LogStash::Runner ERROR Unable to write to stream /home/elastic/enuri/logstash/qa/log/logstash-plain.log for appender plain_rolling: org.apache.logging.log4j.core.appender.AppenderLoggingExceSending Logstash's logs to /home/elastic/enuri/logstash/qa/log which is now configured via log4j2.properties
Sending Logstash's logs to /home/elastic/enuri/logstash/qa/log which is now configured via log4j2.properties
Sending Logstash's logs to /home/elastic/enuri/logstash/qa/log which is now configured via log4j2.properties
Sending Logstash's logs to /home/elastic/enuri/logstash/qa/log which is now configured via log4j2.properties
Sending Logstash's logs to /home/elastic/enuri/logstash/qa/log which is now configured via log4j2.properties
Sending Logstash's logs to /home/elastic/enuri/logstash/qa/log which is now configured via log4j2.properties
Sending Logstash's logs to /home/elastic/enuri/logstash/qa/log which is now configured via log4j2.properties
Sending Logstash's logs to /home/elastic/enuri/logstash/qa/log which is now configured via log4j2.properties
Sending Logstash's logs to /home/elastic/enuri/logstash/qa/log which is now configured via log4j2.properties
Sending Logstash's logs to /home/elastic/enuri/logstash/qa/log which is now configured via log4j2.properties
Sending Logstash's logs to /home/elastic/enuri/logstash/qa/log which is now configured via log4j2.properties
Sending Logstash's logs to /home/elastic/enuri/logstash/qa/log which is now configured via log4j2.properties
Sending Logstash's logs to /home/elastic/enuri/logstash/qa/log which is now configured via log4j2.properties
Sending Logstash's logs to /home/elastic/enuri/logstash/qa/log which is now configured via log4j2.properties
Sending Logstash's logs to /home/elastic/enuri/logstash/qa/log which is now configured via log4j2.properties
Sending Logstash's logs to /home/elastic/enuri/logstash/qa/log which is now configured via log4j2.properties
Sending Logstash's logs to /home/elastic/enuri/logstash/qa/log which is now configured via log4j2.properties
Sending Logstash's logs to /home/elastic/enuri/logstash/qa/log which is now configured via log4j2.properties
Sending Logstash's logs to /home/elastic/enuri/logstash/qa/log which is now configured via log4j2.properties
Sending Logstash's logs to /home/elastic/enuri/logstash/qa/log which is now configured via log4j2.properties
Sending Logstash's logs to /home/elastic/enuri/logstash/qa/log which is now configured via log4j2.properties
Sending Logstash's logs to /home/elastic/enuri/logstash/qa/log which is now configured via log4j2.properties
Sending Logstash's logs to /home/elastic/enuri/logstash/qa/log which is now configured via log4j2.properties
Sending Logstash's logs to /home/elastic/enuri/logstash/qa/log which is now configured via log4j2.properties
Sending Logstash's logs to /home/elastic/enuri/logstash/qa/log which is now configured via log4j2.properties
Sending Logstash's logs to /home/elastic/enuri/logstash/qa/log which is now configured via log4j2.properties
Sending Logstash's logs to /home/elastic/enuri/logstash/qa/log which is now configured via log4j2.properties
Sending Logstash's logs to /home/elastic/enuri/logstash/qa/log which is now configured via log4j2.properties
Sending Logstash's logs to /home/elastic/enuri/logstash/qa/log which is now configured via log4j2.properties
Sending Logstash's logs to /home/elastic/enuri/logstash/qa/log which is now configured via log4j2.properties
Sending Logstash's logs to /home/elastic/enuri/logstash/qa/log which is now configured via log4j2.properties
Sending Logstash's logs to /home/elastic/enuri/logstash/qa/log which is now configured via log4j2.properties
Sending Logstash's logs to /home/elastic/enuri/logstash/qa/log which is now configured via log4j2.properties
Sending Logstash's logs to /home/elastic/enuri/logstash/qa/log which is now configured via log4j2.properties
Sending Logstash's logs to /home/elastic/enuri/logstash/qa/log which is now configured via log4j2.properties
Sending Logstash's logs to /home/elastic/enuri/logstash/qa/log which is now configured via log4j2.properties
Sending Logstash's logs to /home/elastic/enuri/logstash/qa/log which is now configured via log4j2.properties
Sending Logstash's logs to /home/elastic/enuri/logstash/qa/log which is now configured via log4j2.properties
Sending Logstash's logs to /home/elastic/enuri/logstash/qa/log which is now configured via log4j2.properties
Sending Logstash's logs to /home/elastic/enuri/logstash/qa/log which is now configured via log4j2.properties
Sending Logstash's logs to /home/elastic/enuri/logstash/qa/log which is now configured via log4j2.properties
Sending Logstash's logs to /home/elastic/enuri/logstash/qa/log which is now configured via log4j2.properties
Sending Logstash's logs to /home/elastic/enuri/logstash/qa/log which is now configured via log4j2.properties
Sending Logstash's logs to /home/elastic/enuri/logstash/qa/log which is now configured via log4j2.properties
Sending Logstash's logs to /home/elastic/enuri/logstash/qa/log which is now configured via log4j2.properties
Sending Logstash's logs to /home/elastic/enuri/logstash/qa/log which is now configured via log4j2.properties
Sending Logstash's logs to /home/elastic/enuri/logstash/qa/log which is now configured via log4j2.properties
Sending Logstash's logs to /home/elastic/enuri/logstash/qa/log which is now configured via log4j2.properties
Sending Logstash's logs to /home/elastic/enuri/logstash/qa/log which is now configured via log4j2.properties
Sending Logstash's logs to /home/elastic/enuri/logstash/qa/log which is now configured via log4j2.properties
Sending Logstash's logs to /home/elastic/enuri/logstash/qa/log which is now configured via log4j2.properties
Sending Logstash's logs to /home/elastic/enuri/logstash/qa/log which is now configured via log4j2.properties
Sending Logstash's logs to /home/elastic/enuri/logstash/qa/log which is now configured via log4j2.properties
Sending Logstash's logs to /home/elastic/enuri/logstash/qa/log which is now configured via log4j2.properties
Sending Logstash's logs to /home/elastic/enuri/logstash/qa/log which is now configured via log4j2.properties
Sending Logstash's logs to /home/elastic/enuri/logstash/qa/log which is now configured via log4j2.properties
Sending Logstash's logs to /home/elastic/enuri/logstash/qa/log which is now configured via log4j2.properties
Sending Logstash's logs to /home/elastic/enuri/logstash/qa/log which is now configured via log4j2.properties
Sending Logstash's logs to /home/elastic/enuri/logstash/qa/log which is now configured via log4j2.properties
Sending Logstash's logs to /home/elastic/enuri/logstash/qa/log which is now configured via log4j2.properties
Sending Logstash's logs to /home/elastic/enuri/logstash/qa/log which is now configured via log4j2.properties
Sending Logstash's logs to /home/elastic/enuri/logstash/qa/log which is now configured via log4j2.properties
Sending Logstash's logs to /home/elastic/enuri/logstash/qa/log which is now configured via log4j2.properties
Sending Logstash's logs to /home/elastic/enuri/logstash/qa/log which is now configured via log4j2.properties
Sending Logstash's logs to /home/elastic/enuri/logstash/qa/log which is now configured via log4j2.properties
Sending Logstash's logs to /home/elastic/enuri/logstash/qa/log which is now configured via log4j2.properties
Sending Logstash's logs to /home/elastic/enuri/logstash/qa/log which is now configured via log4j2.properties
Sending Logstash's logs to /home/elastic/enuri/logstash/qa/log which is now configured via log4j2.properties
Sending Logstash's logs to /home/elastic/enuri/logstash/qa/log which is now configured via log4j2.properties
Sending Logstash's logs to /home/elastic/enuri/logstash/qa/log which is now configured via log4j2.properties
Sending Logstash's logs to /home/elastic/enuri/logstash/qa/log which is now configured via log4j2.properties
Sending Logstash's logs to /home/elastic/enuri/logstash/qa/log which is now configured via log4j2.properties
Sending Logstash's logs to /home/elastic/enuri/logstash/qa/log which is now configured via log4j2.properties
Sending Logstash's logs to /home/elastic/enuri/logstash/qa/log which is now configured via log4j2.properties
Sending Logstash's logs to /home/elastic/enuri/logstash/qa/log which is now configured via log4j2.properties
Sending Logstash's logs to /home/elastic/enuri/logstash/qa/log which is now configured via log4j2.properties
Sending Logstash's logs to /home/elastic/enuri/logstash/qa/log which is now configured via log4j2.properties
Sending Logstash's logs to /home/elastic/enuri/logstash/qa/log which is now configured via log4j2.properties
Sending Logstash's logs to /home/elastic/enuri/logstash/qa/log which is now configured via log4j2.properties
Sending Logstash's logs to /home/elastic/enuri/logstash/qa/log which is now configured via log4j2.properties
Sending Logstash's logs to /home/elastic/enuri/logstash/qa/log which is now configured via log4j2.properties
Sending Logstash's logs to /home/elastic/enuri/logstash/qa/log which is now configured via log4j2.properties
Sending Logstash's logs to /home/elastic/enuri/logstash/qa/log which is now configured via log4j2.properties
Sending Logstash's logs to /home/elastic/enuri/logstash/qa/log which is now configured via log4j2.properties
Sending Logstash's logs to /home/elastic/enuri/logstash/qa/log which is now configured via log4j2.properties
Sending Logstash's logs to /home/elastic/enuri/logstash/qa/log which is now configured via log4j2.properties
Sending Logstash's logs to /home/elastic/enuri/logstash/qa/log which is now configured via log4j2.properties
Sending Logstash's logs to /home/elastic/enuri/logstash/qa/log which is now configured via log4j2.properties
Sending Logstash's logs to /home/elastic/enuri/logstash/qa/log which is now configured via log4j2.properties
Sending Logstash's logs to /home/elastic/enuri/logstash/qa/log which is now configured via log4j2.properties
Sending Logstash's logs to /home/elastic/enuri/logstash/qa/log which is now configured via log4j2.properties
Sending Logstash's logs to /home/elastic/enuri/logstash/qa/log which is now configured via log4j2.properties
Sending Logstash's logs to /home/elastic/enuri/logstash/qa/log which is now configured via log4j2.properties
Sending Logstash's logs to /home/elastic/enuri/logstash/qa/log which is now configured via log4j2.properties
Sending Logstash's logs to /home/elastic/enuri/logstash/qa/log which is now configured via log4j2.properties
Sending Logstash's logs to /home/elastic/enuri/logstash/qa/log which is now configured via log4j2.properties
Sending Logstash's logs to /home/elastic/enuri/logstash/qa/log which is now configured via log4j2.properties
Sending Logstash's logs to /home/elastic/enuri/logstash/qa/log which is now configured via log4j2.properties
Sending Logstash's logs to /home/elastic/enuri/logstash/qa/log which is now configured via log4j2.properties
Sending Logstash's logs to /home/elastic/enuri/logstash/qa/log which is now configured via log4j2.properties
Sending Logstash's logs to /home/elastic/enuri/logstash/qa/log which is now configured via log4j2.properties
Sending Logstash's logs to /home/elastic/enuri/logstash/qa/log which is now configured via log4j2.properties
Sending Logstash's logs to /home/elastic/enuri/logstash/qa/log which is now configured via log4j2.properties
Sending Logstash's logs to /home/elastic/enuri/logstash/qa/log which is now configured via log4j2.properties
Sending Logstash's logs to /home/elastic/enuri/logstash/qa/log which is now configured via log4j2.properties
Sending Logstash's logs to /home/elastic/enuri/logstash/qa/log which is now configured via log4j2.properties
Sending Logstash's logs to /home/elastic/enuri/logstash/qa/log which is now configured via log4j2.properties
Sending Logstash's logs to /home/elastic/enuri/logstash/qa/log which is now configured via log4j2.properties
Sending Logstash's logs to /home/elastic/enuri/logstash/qa/log which is now configured via log4j2.properties
Sending Logstash's logs to /home/elastic/enuri/logstash/qa/log which is now configured via log4j2.properties
Sending Logstash's logs to /home/elastic/enuri/logstash/qa/log which is now configured via log4j2.properties
Sending Logstash's logs to /home/elastic/enuri/logstash/qa/log which is now configured via log4j2.properties
Sending Logstash's logs to /home/elastic/enuri/logstash/qa/log which is now configured via log4j2.properties
Sending Logstash's logs to /home/elastic/enuri/logstash/qa/log which is now configured via log4j2.properties
Sending Logstash's logs to /home/elastic/enuri/logstash/qa/log which is now configured via log4j2.properties
Sending Logstash's logs to /home/elastic/enuri/logstash/qa/log which is now configured via log4j2.properties
Sending Logstash's logs to /home/elastic/enuri/logstash/qa/log which is now configured via log4j2.properties
Sending Logstash's logs to /home/elastic/enuri/logstash/qa/log which is now configured via log4j2.properties
Sending Logstash's logs to /home/elastic/enuri/logstash/qa/log which is now configured via log4j2.properties
Sending Logstash's logs to /home/elastic/enuri/logstash/qa/log which is now configured via log4j2.properties
Sending Logstash's logs to /home/elastic/enuri/logstash/qa/log which is now configured via log4j2.properties
Sending Logstash's logs to /home/elastic/enuri/logstash/qa/log which is now configured via log4j2.properties
Sending Logstash's logs to /home/elastic/enuri/logstash/qa/log which is now configured via log4j2.properties
Sending Logstash's logs to /home/elastic/enuri/logstash/qa/log which is now configured via log4j2.properties
Sending Logstash's logs to /home/elastic/enuri/logstash/qa/log which is now configured via log4j2.properties
Sending Logstash's logs to /home/elastic/enuri/logstash/qa/log which is now configured via log4j2.properties
Sending Logstash's logs to /home/elastic/enuri/logstash/qa/log which is now configured via log4j2.properties
Sending Logstash's logs to /home/elastic/enuri/logstash/qa/log which is now configured via log4j2.properties
Sending Logstash's logs to /home/elastic/enuri/logstash/qa/log which is now configured via log4j2.properties
Sending Logstash's logs to /home/elastic/enuri/logstash/qa/log which is now configured via log4j2.properties
Sending Logstash's logs to /home/elastic/enuri/logstash/qa/log which is now configured via log4j2.properties
Sending Logstash's logs to /home/elastic/enuri/logstash/qa/log which is now configured via log4j2.properties
Sending Logstash's logs to /home/elastic/enuri/logstash/qa/log which is now configured via log4j2.properties
Sending Logstash's logs to /home/elastic/enuri/logstash/qa/log which is now configured via log4j2.properties
Sending Logstash's logs to /home/elastic/enuri/logstash/qa/log which is now configured via log4j2.properties
Sending Logstash's logs to /home/elastic/enuri/logstash/qa/log which is now configured via log4j2.properties
Sending Logstash's logs to /home/elastic/enuri/logstash/qa/log which is now configured via log4j2.properties
Sending Logstash's logs to /home/elastic/enuri/logstash/qa/log which is now configured via log4j2.properties
Sending Logstash's logs to /home/elastic/enuri/logstash/qa/log which is now configured via log4j2.properties
Sending Logstash's logs to /home/elastic/enuri/logstash/qa/log which is now configured via log4j2.properties
Sending Logstash's logs to /home/elastic/enuri/logstash/qa/log which is now configured via log4j2.properties
Sending Logstash's logs to /home/elastic/enuri/logstash/qa/log which is now configured via log4j2.properties
Sending Logstash's logs to /home/elastic/enuri/logstash/qa/log which is now configured via log4j2.properties
Sending Logstash's logs to /home/elastic/enuri/logstash/qa/log which is now configured via log4j2.properties
Sending Logstash's logs to /home/elastic/enuri/logstash/qa/log which is now configured via log4j2.properties
Sending Logstash's logs to /home/elastic/enuri/logstash/qa/log which is now configured via log4j2.properties
Sending Logstash's logs to /home/elastic/enuri/logstash/qa/log which is now configured via log4j2.properties
Sending Logstash's logs to /home/elastic/enuri/logstash/qa/log which is now configured via log4j2.properties
Sending Logstash's logs to /home/elastic/enuri/logstash/qa/log which is now configured via log4j2.properties
Sending Logstash's logs to /home/elastic/enuri/logstash/qa/log which is now configured via log4j2.properties
Sending Logstash's logs to /home/elastic/enuri/logstash/qa/log which is now configured via log4j2.properties
Sending Logstash's logs to /home/elastic/enuri/logstash/qa/log which is now configured via log4j2.properties
Sending Logstash's logs to /home/elastic/enuri/logstash/qa/log which is now configured via log4j2.properties
Sending Logstash's logs to /home/elastic/enuri/logstash/qa/log which is now configured via log4j2.properties
Sending Logstash's logs to /home/elastic/enuri/logstash/qa/log which is now configured via log4j2.properties
Sending Logstash's logs to /home/elastic/enuri/logstash/qa/log which is now configured via log4j2.properties
Sending Logstash's logs to /home/elastic/enuri/logstash/qa/log which is now configured via log4j2.properties
Sending Logstash's logs to /home/elastic/enuri/logstash/qa/log which is now configured via log4j2.properties
Sending Logstash's logs to /home/elastic/enuri/logstash/qa/log which is now configured via log4j2.properties
Sending Logstash's logs to /home/elastic/enuri/logstash/qa/log which is now configured via log4j2.properties
Sending Logstash's logs to /home/elastic/enuri/logstash/qa/log which is now configured via log4j2.properties
Sending Logstash's logs to /home/elastic/enuri/logstash/qa/log which is now configured via log4j2.properties
Sending Logstash's logs to /home/elastic/enuri/logstash/qa/log which is now configured via log4j2.properties
Sending Logstash's logs to /home/elastic/enuri/logstash/qa/log which is now configured via log4j2.properties
Sending Logstash's logs to /home/elastic/enuri/logstash/qa/log which is now configured via log4j2.properties
Sending Logstash's logs to /home/elastic/enuri/logstash/qa/log which is now configured via log4j2.properties
Sending Logstash's logs to /home/elastic/enuri/logstash/qa/log which is now configured via log4j2.properties
Sending Logstash's logs to /home/elastic/enuri/logstash/qa/log which is now configured via log4j2.properties
Sending Logstash's logs to /home/elastic/enuri/logstash/qa/log which is now configured via log4j2.properties
Sending Logstash's logs to /home/elastic/enuri/logstash/qa/log which is now configured via log4j2.properties
Sending Logstash's logs to /home/elastic/enuri/logstash/qa/log which is now configured via log4j2.properties
Sending Logstash's logs to /home/elastic/enuri/logstash/qa/log which is now configured via log4j2.properties
Sending Logstash's logs to /home/elastic/enuri/logstash/qa/log which is now configured via log4j2.properties
Sending Logstash's logs to /home/elastic/enuri/logstash/qa/log which is now configured via log4j2.properties
